<?xml version="1.0" encoding="UTF-8"?>
<!-- Generated by org.testng.reporters.JUnitReportReporter -->
<testsuite hostname="ELSDBNM-214381" failures="0" tests="8" name="com.EmplyeesAPITestCases.TC003_Create_New_Employee_Record" time="0.004" errors="0" timestamp="2022-04-10T15:29:12 IST" skipped="0">
  <testcase classname="com.EmplyeesAPITestCases.TC003_Create_New_Employee_Record" name="checkStatusLine" time="0.000"/>
  <system-out/>
  <testcase classname="com.EmplyeesAPITestCases.TC003_Create_New_Employee_Record" name="checkStatusCode" time="0.001"/>
  <system-out/>
  <testcase classname="com.EmplyeesAPITestCases.TC003_Create_New_Employee_Record" name="getContentEncoding" time="0.000"/>
  <system-out/>
  <testcase classname="com.EmplyeesAPITestCases.TC003_Create_New_Employee_Record" name="getContentLength" time="0.000"/>
  <system-out/>
  <testcase classname="com.EmplyeesAPITestCases.TC003_Create_New_Employee_Record" name="getServerType" time="0.000"/>
  <system-out/>
  <testcase classname="com.EmplyeesAPITestCases.TC003_Create_New_Employee_Record" name="getContentType" time="0.001"/>
  <system-out/>
  <testcase classname="com.EmplyeesAPITestCases.TC003_Create_New_Employee_Record" name="checkResponseTime" time="0.000"/>
  <system-out/>
  <testcase classname="com.EmplyeesAPITestCases.TC003_Create_New_Employee_Record" name="checkResponseBody" time="0.002"/>
  <system-out/>
</testsuite> <!-- com.EmplyeesAPITestCases.TC003_Create_New_Employee_Record -->
