<?xml version="1.0" encoding="UTF-8"?>
<!-- Generated by org.testng.reporters.JUnitReportReporter -->
<testsuite hostname="ELSDBNM-214381" failures="0" tests="8" name="com.EmplyeesAPITestCases.TC001_Get_All_Employees" time="0.020" errors="0" timestamp="2022-04-10T15:29:12 IST" skipped="0">
  <testcase classname="com.EmplyeesAPITestCases.TC001_Get_All_Employees" name="getContentEncoding" time="0.001"/>
  <system-out/>
  <testcase classname="com.EmplyeesAPITestCases.TC001_Get_All_Employees" name="getContentType" time="0.001"/>
  <system-out/>
  <testcase classname="com.EmplyeesAPITestCases.TC001_Get_All_Employees" name="checkResponseBody" time="0.015"/>
  <system-out/>
  <testcase classname="com.EmplyeesAPITestCases.TC001_Get_All_Employees" name="checkStatusLine" time="0.000"/>
  <system-out/>
  <testcase classname="com.EmplyeesAPITestCases.TC001_Get_All_Employees" name="getContentLength" time="0.000"/>
  <system-out/>
  <testcase classname="com.EmplyeesAPITestCases.TC001_Get_All_Employees" name="getServerType" time="0.001"/>
  <system-out/>
  <testcase classname="com.EmplyeesAPITestCases.TC001_Get_All_Employees" name="checkResponseTime" time="0.001"/>
  <system-out/>
  <testcase classname="com.EmplyeesAPITestCases.TC001_Get_All_Employees" name="checkStatusCode" time="0.001"/>
  <system-out/>
</testsuite> <!-- com.EmplyeesAPITestCases.TC001_Get_All_Employees -->
